Using pre-set license
Built from '2020.3/release' branch; Version is '2020.3.27f1 (e759542391ea) revision 15161684'; Using compiler version '192528614'; Build Type 'Release'
OS: 'Windows 11  (10.0.22621) 64bit Professional' Language: 'en' Physical Memory: 7778 MB
BatchMode: 1, IsHumanControllingUs: 0, StartBugReporterOnCrash: 0, Is64bit: 1, IsPro: 0

COMMAND LINE ARGUMENTS:
E:\Unity\2020.3.27f1\Editor\Unity.exe
-adb2
-batchMode
-noUpm
-name
AssetImportWorker1
-projectPath
E:/Unity/Cooking
-logFile
Logs/AssetImportWorker1.log
-srvPort
52079
Successfully changed project path to: E:/Unity/Cooking
E:/Unity/Cooking
Using Asset Import Pipeline V2.
Refreshing native plugins compatible for Editor in 132.57 ms, found 2 plugins.
Preloading 0 native plugins for Editor in 0.00 ms.
Initialize engine version: 2020.3.27f1 (e759542391ea)
[Subsystems] Discovering subsystems at path E:/Unity/2020.3.27f1/Editor/Data/Resources/UnitySubsystems
[Subsystems] Discovering subsystems at path E:/Unity/Cooking/Assets
GfxDevice: creating device client; threaded=0
Direct3D:
    Version:  Direct3D 11.0 [level 11.1]
    Renderer: Intel(R) Iris(R) Plus Graphics (ID=0x8a5a)
    Vendor:   
    VRAM:     3889 MB
    Driver:   27.20.100.9621
Initialize mono
Mono path[0] = 'E:/Unity/2020.3.27f1/Editor/Data/Managed'
Mono path[1] = 'E:/Unity/2020.3.27f1/Editor/Data/MonoBleedingEdge/lib/mono/unityjit'
Mono config path = 'E:/Unity/2020.3.27f1/Editor/Data/MonoBleedingEdge/etc'
Using monoOptions --debugger-agent=transport=dt_socket,embedding=1,server=y,suspend=n,address=127.0.0.1:56692
Begin MonoManager ReloadAssembly
Registering precompiled unity dll's ...
Register platform support module: E:/Unity/2020.3.27f1/Editor/Data/PlaybackEngines/WindowsStandaloneSupport/UnityEditor.WindowsStandalone.Extensions.dll
Registered in 0.003181 seconds.
Native extension for WindowsStandalone target not found
Refreshing native plugins compatible for Editor in 53.63 ms, found 2 plugins.
Preloading 0 native plugins for Editor in 0.00 ms.
Mono: successfully reloaded assembly
- Completed reload, in  1.049 seconds
Domain Reload Profiling:
	ReloadAssembly (1049ms)
		BeginReloadAssembly (165ms)
			ExecutionOrderSort (0ms)
			DisableScriptedObjects (0ms)
			BackupInstance (0ms)
			ReleaseScriptingObjects (0ms)
			CreateAndSetChildDomain (1ms)
		EndReloadAssembly (746ms)
			LoadAssemblies (164ms)
			RebuildTransferFunctionScriptingTraits (0ms)
			SetupTypeCache (302ms)
			ReleaseScriptCaches (0ms)
			RebuildScriptCaches (48ms)
			SetupLoadedEditorAssemblies (268ms)
				LogAssemblyErrors (0ms)
				InitializePlatformSupportModulesInManaged (7ms)
				SetLoadedEditorAssemblies (0ms)
				RefreshPlugins (54ms)
				BeforeProcessingInitializeOnLoad (16ms)
				ProcessInitializeOnLoadAttributes (135ms)
				ProcessInitializeOnLoadMethodAttributes (56ms)
				AfterProcessingInitializeOnLoad (0ms)
				EditorAssembliesLoaded (0ms)
			ExecutionOrderSort2 (0ms)
			AwakeInstancesAfterBackupRestoration (0ms)
Platform modules already initialized, skipping
Registering precompiled user dll's ...
Registered in 0.005170 seconds.
Begin MonoManager ReloadAssembly
Native extension for WindowsStandalone target not found
Refreshing native plugins compatible for Editor in 0.68 ms, found 2 plugins.
Preloading 0 native plugins for Editor in 0.00 ms.
Mono: successfully reloaded assembly
- Completed reload, in 10.026 seconds
Domain Reload Profiling:
	ReloadAssembly (10032ms)
		BeginReloadAssembly (205ms)
			ExecutionOrderSort (0ms)
			DisableScriptedObjects (5ms)
			BackupInstance (0ms)
			ReleaseScriptingObjects (0ms)
			CreateAndSetChildDomain (24ms)
		EndReloadAssembly (9682ms)
			LoadAssemblies (6263ms)
			RebuildTransferFunctionScriptingTraits (0ms)
			SetupTypeCache (687ms)
			ReleaseScriptCaches (0ms)
			RebuildScriptCaches (57ms)
			SetupLoadedEditorAssemblies (2538ms)
				LogAssemblyErrors (0ms)
				InitializePlatformSupportModulesInManaged (6ms)
				SetLoadedEditorAssemblies (1ms)
				RefreshPlugins (1ms)
				BeforeProcessingInitializeOnLoad (142ms)
				ProcessInitializeOnLoadAttributes (296ms)
				ProcessInitializeOnLoadMethodAttributes (2088ms)
				AfterProcessingInitializeOnLoad (4ms)
				EditorAssembliesLoaded (0ms)
			ExecutionOrderSort2 (0ms)
			AwakeInstancesAfterBackupRestoration (10ms)
Platform modules already initialized, skipping
========================================================================
Worker process is ready to serve import requests
Launched and connected shader compiler UnityShaderCompiler.exe after 0.11 seconds
Refreshing native plugins compatible for Editor in 1.58 ms, found 2 plugins.
Preloading 0 native plugins for Editor in 0.00 ms.
Unloading 2133 Unused Serialized files (Serialized files now loaded: 0)
System memory in use before: 84.9 MB.
System memory in use after: 85.0 MB.

Unloading 59 unused Assets to reduce memory usage. Loaded Objects now: 2536.
Total: 9.606200 ms (FindLiveObjects: 0.198400 ms CreateObjectMapping: 0.107600 ms MarkObjects: 9.096700 ms  DeleteObjects: 0.201700 ms)

AssetImportParameters requested are different than current active one (requested -> active):
  custom:framework-win-MediaFoundation: 216162199b28c13a410421893ffa2e32 -> 
  custom:video-decoder-ogg-theora: a1e56fd34408186e4bbccfd4996cb3dc -> 
  custom:container-muxer-webm: aa71ff27fc2769a1b78a27578f13a17b -> 
  custom:container-demuxer-webm: 4f35f7cbe854078d1ac9338744f61a02 -> 
  custom:container-demuxer-ogg: 62fdf1f143b41e24485cea50d1cbac27 -> 
  custom:video-encoder-webm-vp8: eb34c28f22e8b96e1ab97ce403110664 -> 
  custom:video-codec-MediaFoundation-h265: 746d11721c4dcdbdad8f713fa42b33f4 -> 
  custom:video-decoder-webm-vp8: 9c59270c3fd7afecdb556c50c9e8de78 -> 
  custom:audio-decoder-ogg-vorbis: bf7c407c2cedff20999df2af8eb42d56 -> 
  custom:audio-encoder-webm-vorbis: bf7c407c2cedff20999df2af8eb42d56 -> 
========================================================================
Received Import Request.
  path: Assets/Custom Asset/blue_rare.jpg
  artifactKey: Guid(7bafb56f538f7a04695e6feaa6948672) Importer(815301076,1909f56bfc062723c751e8b465ee728b)
Start importing Assets/Custom Asset/blue_rare.jpg using Guid(7bafb56f538f7a04695e6feaa6948672) Importer(815301076,1909f56bfc062723c751e8b465ee728b)  -> (artifact id: 'db00468e59de63953650b38ebf861315') in 0.396147 seconds 
  Import took 0.407396 seconds .

========================================================================
Received Import Request.
  Time since last request: 0.001255 seconds.
  path: Assets/Custom Asset/overcookedMeat.png
  artifactKey: Guid(f9c1839ecd2e8db4baa4d2392e17edc0) Importer(815301076,1909f56bfc062723c751e8b465ee728b)
Start importing Assets/Custom Asset/overcookedMeat.png using Guid(f9c1839ecd2e8db4baa4d2392e17edc0) Importer(815301076,1909f56bfc062723c751e8b465ee728b)  -> (artifact id: 'c7ddb537f9638c5cce3e312ff2f4c96a') in 0.255266 seconds 
  Import took 0.266729 seconds .

========================================================================
Received Import Request.
  Time since last request: 6.529337 seconds.
  path: Assets/Custom Asset/blue_rare.jpg
  artifactKey: Guid(7bafb56f538f7a04695e6feaa6948672) Importer(815301076,1909f56bfc062723c751e8b465ee728b)
Start importing Assets/Custom Asset/blue_rare.jpg using Guid(7bafb56f538f7a04695e6feaa6948672) Importer(815301076,1909f56bfc062723c751e8b465ee728b)  -> (artifact id: '95c3ece04cd61487e3f474cddb781499') in 0.275117 seconds 
  Import took 0.295299 seconds .

========================================================================
Received Prepare
Registering precompiled user dll's ...
Registered in 0.598232 seconds.
Begin MonoManager ReloadAssembly
Native extension for WindowsStandalone target not found
Refreshing native plugins compatible for Editor in 0.87 ms, found 2 plugins.
Preloading 0 native plugins for Editor in 0.00 ms.
Mono: successfully reloaded assembly
- Completed reload, in  1.424 seconds
Domain Reload Profiling:
	ReloadAssembly (1425ms)
		BeginReloadAssembly (244ms)
			ExecutionOrderSort (0ms)
			DisableScriptedObjects (8ms)
			BackupInstance (0ms)
			ReleaseScriptingObjects (0ms)
			CreateAndSetChildDomain (51ms)
		EndReloadAssembly (1087ms)
			LoadAssemblies (227ms)
			RebuildTransferFunctionScriptingTraits (0ms)
			SetupTypeCache (346ms)
			ReleaseScriptCaches (1ms)
			RebuildScriptCaches (59ms)
			SetupLoadedEditorAssemblies (449ms)
				LogAssemblyErrors (0ms)
				InitializePlatformSupportModulesInManaged (5ms)
				SetLoadedEditorAssemblies (1ms)
				RefreshPlugins (1ms)
				BeforeProcessingInitializeOnLoad (122ms)
				ProcessInitializeOnLoadAttributes (264ms)
				ProcessInitializeOnLoadMethodAttributes (52ms)
				AfterProcessingInitializeOnLoad (5ms)
				EditorAssembliesLoaded (0ms)
			ExecutionOrderSort2 (0ms)
			AwakeInstancesAfterBackupRestoration (7ms)
Platform modules already initialized, skipping
Refreshing native plugins compatible for Editor in 1.25 ms, found 2 plugins.
Preloading 0 native plugins for Editor in 0.00 ms.
Unloading 2128 Unused Serialized files (Serialized files now loaded: 0)
System memory in use before: 87.8 MB.
System memory in use after: 87.9 MB.

Unloading 50 unused Assets to reduce memory usage. Loaded Objects now: 2547.
Total: 7.276100 ms (FindLiveObjects: 0.200700 ms CreateObjectMapping: 0.098300 ms MarkObjects: 6.870800 ms  DeleteObjects: 0.103600 ms)

AssetImportParameters requested are different than current active one (requested -> active):
  custom:framework-win-MediaFoundation: 216162199b28c13a410421893ffa2e32 -> 
  custom:video-decoder-ogg-theora: a1e56fd34408186e4bbccfd4996cb3dc -> 
  custom:container-muxer-webm: aa71ff27fc2769a1b78a27578f13a17b -> 
  custom:container-demuxer-webm: 4f35f7cbe854078d1ac9338744f61a02 -> 
  custom:container-demuxer-ogg: 62fdf1f143b41e24485cea50d1cbac27 -> 
  custom:video-encoder-webm-vp8: eb34c28f22e8b96e1ab97ce403110664 -> 
  custom:video-codec-MediaFoundation-h265: 746d11721c4dcdbdad8f713fa42b33f4 -> 
  custom:video-decoder-webm-vp8: 9c59270c3fd7afecdb556c50c9e8de78 -> 
  custom:audio-decoder-ogg-vorbis: bf7c407c2cedff20999df2af8eb42d56 -> 
  custom:audio-encoder-webm-vorbis: bf7c407c2cedff20999df2af8eb42d56 -> 
========================================================================
Received Prepare
Registering precompiled user dll's ...
Registered in 0.005236 seconds.
Begin MonoManager ReloadAssembly
Native extension for WindowsStandalone target not found
Refreshing native plugins compatible for Editor in 0.71 ms, found 2 plugins.
Preloading 0 native plugins for Editor in 0.00 ms.
Mono: successfully reloaded assembly
- Completed reload, in  1.562 seconds
Domain Reload Profiling:
	ReloadAssembly (1563ms)
		BeginReloadAssembly (238ms)
			ExecutionOrderSort (0ms)
			DisableScriptedObjects (8ms)
			BackupInstance (0ms)
			ReleaseScriptingObjects (0ms)
			CreateAndSetChildDomain (59ms)
		EndReloadAssembly (1230ms)
			LoadAssemblies (229ms)
			RebuildTransferFunctionScriptingTraits (0ms)
			SetupTypeCache (467ms)
			ReleaseScriptCaches (1ms)
			RebuildScriptCaches (49ms)
			SetupLoadedEditorAssemblies (451ms)
				LogAssemblyErrors (0ms)
				InitializePlatformSupportModulesInManaged (5ms)
				SetLoadedEditorAssemblies (1ms)
				RefreshPlugins (1ms)
				BeforeProcessingInitializeOnLoad (100ms)
				ProcessInitializeOnLoadAttributes (278ms)
				ProcessInitializeOnLoadMethodAttributes (60ms)
				AfterProcessingInitializeOnLoad (6ms)
				EditorAssembliesLoaded (0ms)
			ExecutionOrderSort2 (0ms)
			AwakeInstancesAfterBackupRestoration (14ms)
Platform modules already initialized, skipping
Refreshing native plugins compatible for Editor in 0.89 ms, found 2 plugins.
Preloading 0 native plugins for Editor in 0.00 ms.
Unloading 2128 Unused Serialized files (Serialized files now loaded: 0)
System memory in use before: 87.9 MB.
System memory in use after: 88.0 MB.

Unloading 50 unused Assets to reduce memory usage. Loaded Objects now: 2549.
Total: 6.675200 ms (FindLiveObjects: 0.192100 ms CreateObjectMapping: 0.111300 ms MarkObjects: 6.197300 ms  DeleteObjects: 0.136900 ms)

AssetImportParameters requested are different than current active one (requested -> active):
  custom:framework-win-MediaFoundation: 216162199b28c13a410421893ffa2e32 -> 
  custom:video-decoder-ogg-theora: a1e56fd34408186e4bbccfd4996cb3dc -> 
  custom:container-muxer-webm: aa71ff27fc2769a1b78a27578f13a17b -> 
  custom:container-demuxer-webm: 4f35f7cbe854078d1ac9338744f61a02 -> 
  custom:container-demuxer-ogg: 62fdf1f143b41e24485cea50d1cbac27 -> 
  custom:video-encoder-webm-vp8: eb34c28f22e8b96e1ab97ce403110664 -> 
  custom:video-codec-MediaFoundation-h265: 746d11721c4dcdbdad8f713fa42b33f4 -> 
  custom:video-decoder-webm-vp8: 9c59270c3fd7afecdb556c50c9e8de78 -> 
  custom:audio-decoder-ogg-vorbis: bf7c407c2cedff20999df2af8eb42d56 -> 
  custom:audio-encoder-webm-vorbis: bf7c407c2cedff20999df2af8eb42d56 -> 
========================================================================
Received Import Request.
  Time since last request: 1372.882340 seconds.
  path: Assets/Custom Asset/blue_rare 1.jpg
  artifactKey: Guid(b02c4428ee1becf48a56c219a8afc958) Importer(815301076,1909f56bfc062723c751e8b465ee728b)
Start importing Assets/Custom Asset/blue_rare 1.jpg using Guid(b02c4428ee1becf48a56c219a8afc958) Importer(815301076,1909f56bfc062723c751e8b465ee728b)  -> (artifact id: '6eca6ae31fee6728ae2d726db631a9af') in 0.188904 seconds 
  Import took 0.207756 seconds .

========================================================================
Received Import Request.
  Time since last request: 8.942625 seconds.
  path: Assets/Custom Asset/blue_rare 1.jpg
  artifactKey: Guid(b02c4428ee1becf48a56c219a8afc958) Importer(815301076,1909f56bfc062723c751e8b465ee728b)
Start importing Assets/Custom Asset/blue_rare 1.jpg using Guid(b02c4428ee1becf48a56c219a8afc958) Importer(815301076,1909f56bfc062723c751e8b465ee728b)  -> (artifact id: '7d00be64dd2045bf08020ccbedc8bccb') in 0.315213 seconds 
  Import took 0.386667 seconds .

========================================================================
Received Import Request.
  Time since last request: 98.311132 seconds.
  path: Assets/Custom Asset/blue_rare.png
  artifactKey: Guid(8e7d62b2459dba242afb03a31594b55a) Importer(815301076,1909f56bfc062723c751e8b465ee728b)
Start importing Assets/Custom Asset/blue_rare.png using Guid(8e7d62b2459dba242afb03a31594b55a) Importer(815301076,1909f56bfc062723c751e8b465ee728b)  -> (artifact id: 'af807c060c346d34b0410de0c6b61535') in 0.177443 seconds 
  Import took 0.189200 seconds .

========================================================================
Received Import Request.
  Time since last request: 9.476872 seconds.
  path: Assets/Custom Asset/blue_rare.png
  artifactKey: Guid(8e7d62b2459dba242afb03a31594b55a) Importer(815301076,1909f56bfc062723c751e8b465ee728b)
Start importing Assets/Custom Asset/blue_rare.png using Guid(8e7d62b2459dba242afb03a31594b55a) Importer(815301076,1909f56bfc062723c751e8b465ee728b)  -> (artifact id: '3ad7d92631ae88948b02538d21dcb474') in 0.215706 seconds 
  Import took 0.223911 seconds .

========================================================================
Received Import Request.
  Time since last request: 1264.256050 seconds.
  path: Assets/Custom Asset/overcookedMeat 1.png
  artifactKey: Guid(3cb00945bcf7bbc4d87f7670f908cd62) Importer(815301076,1909f56bfc062723c751e8b465ee728b)
Start importing Assets/Custom Asset/overcookedMeat 1.png using Guid(3cb00945bcf7bbc4d87f7670f908cd62) Importer(815301076,1909f56bfc062723c751e8b465ee728b)  -> (artifact id: 'a7174e61a94d004e3c4110383ae19cad') in 0.186112 seconds 
  Import took 0.204284 seconds .

========================================================================
Received Import Request.
  Time since last request: 11.399192 seconds.
  path: Assets/Custom Asset/overcookedMeat 1.png
  artifactKey: Guid(3cb00945bcf7bbc4d87f7670f908cd62) Importer(815301076,1909f56bfc062723c751e8b465ee728b)
Start importing Assets/Custom Asset/overcookedMeat 1.png using Guid(3cb00945bcf7bbc4d87f7670f908cd62) Importer(815301076,1909f56bfc062723c751e8b465ee728b)  -> (artifact id: '947c884b7ee8ebf9755f4289df64f977') in 0.168773 seconds 
  Import took 0.180185 seconds .

========================================================================
Received Import Request.
  Time since last request: 17.599307 seconds.
  path: Assets/Custom Asset/overcookedMeat 1.png
  artifactKey: Guid(3cb00945bcf7bbc4d87f7670f908cd62) Importer(815301076,1909f56bfc062723c751e8b465ee728b)
Start importing Assets/Custom Asset/overcookedMeat 1.png using Guid(3cb00945bcf7bbc4d87f7670f908cd62) Importer(815301076,1909f56bfc062723c751e8b465ee728b)  -> (artifact id: 'b27c05c9793bf4294f2dfb36d73a80a3') in 0.148266 seconds 
  Import took 0.159106 seconds .

========================================================================
Received Import Request.
  Time since last request: 17.346150 seconds.
  path: Assets/Custom Asset/overcookedMeat 1.png
  artifactKey: Guid(3cb00945bcf7bbc4d87f7670f908cd62) Importer(815301076,1909f56bfc062723c751e8b465ee728b)
Start importing Assets/Custom Asset/overcookedMeat 1.png using Guid(3cb00945bcf7bbc4d87f7670f908cd62) Importer(815301076,1909f56bfc062723c751e8b465ee728b)  -> (artifact id: 'c13db21438c4893a6b2cb6c2ca9be2b4') in 0.170071 seconds 
  Import took 0.183585 seconds .

========================================================================
Received Prepare
Registering precompiled user dll's ...
Registered in 0.406091 seconds.
Begin MonoManager ReloadAssembly
Native extension for WindowsStandalone target not found
Refreshing native plugins compatible for Editor in 0.99 ms, found 2 plugins.
Preloading 0 native plugins for Editor in 0.00 ms.
Mono: successfully reloaded assembly
- Completed reload, in  1.589 seconds
Domain Reload Profiling:
	ReloadAssembly (1590ms)
		BeginReloadAssembly (233ms)
			ExecutionOrderSort (0ms)
			DisableScriptedObjects (6ms)
			BackupInstance (0ms)
			ReleaseScriptingObjects (0ms)
			CreateAndSetChildDomain (51ms)
		EndReloadAssembly (1277ms)
			LoadAssemblies (237ms)
			RebuildTransferFunctionScriptingTraits (0ms)
			SetupTypeCache (427ms)
			ReleaseScriptCaches (1ms)
			RebuildScriptCaches (60ms)
			SetupLoadedEditorAssemblies (493ms)
				LogAssemblyErrors (0ms)
				InitializePlatformSupportModulesInManaged (9ms)
				SetLoadedEditorAssemblies (1ms)
				RefreshPlugins (1ms)
				BeforeProcessingInitializeOnLoad (123ms)
				ProcessInitializeOnLoadAttributes (305ms)
				ProcessInitializeOnLoadMethodAttributes (50ms)
				AfterProcessingInitializeOnLoad (4ms)
				EditorAssembliesLoaded (0ms)
			ExecutionOrderSort2 (0ms)
			AwakeInstancesAfterBackupRestoration (8ms)
Platform modules already initialized, skipping
Refreshing native plugins compatible for Editor in 1.47 ms, found 2 plugins.
Preloading 0 native plugins for Editor in 0.00 ms.
Unloading 2128 Unused Serialized files (Serialized files now loaded: 0)
System memory in use before: 87.9 MB.
System memory in use after: 88.0 MB.

Unloading 50 unused Assets to reduce memory usage. Loaded Objects now: 2557.
Total: 8.495300 ms (FindLiveObjects: 0.208600 ms CreateObjectMapping: 0.087800 ms MarkObjects: 8.108400 ms  DeleteObjects: 0.088400 ms)

AssetImportParameters requested are different than current active one (requested -> active):
  custom:framework-win-MediaFoundation: 216162199b28c13a410421893ffa2e32 -> 
  custom:video-decoder-ogg-theora: a1e56fd34408186e4bbccfd4996cb3dc -> 
  custom:container-muxer-webm: aa71ff27fc2769a1b78a27578f13a17b -> 
  custom:container-demuxer-webm: 4f35f7cbe854078d1ac9338744f61a02 -> 
  custom:container-demuxer-ogg: 62fdf1f143b41e24485cea50d1cbac27 -> 
  custom:video-encoder-webm-vp8: eb34c28f22e8b96e1ab97ce403110664 -> 
  custom:video-codec-MediaFoundation-h265: 746d11721c4dcdbdad8f713fa42b33f4 -> 
  custom:video-decoder-webm-vp8: 9c59270c3fd7afecdb556c50c9e8de78 -> 
  custom:audio-decoder-ogg-vorbis: bf7c407c2cedff20999df2af8eb42d56 -> 
  custom:audio-encoder-webm-vorbis: bf7c407c2cedff20999df2af8eb42d56 -> 
========================================================================
Received Import Request.
  Time since last request: 142.463018 seconds.
  path: Assets/Custom Asset/overcookedMeat.png
  artifactKey: Guid(3cb00945bcf7bbc4d87f7670f908cd62) Importer(815301076,1909f56bfc062723c751e8b465ee728b)
Start importing Assets/Custom Asset/overcookedMeat.png using Guid(3cb00945bcf7bbc4d87f7670f908cd62) Importer(815301076,1909f56bfc062723c751e8b465ee728b)  -> (artifact id: '8653678761aae03dcd6ca6ceaf56970c') in 0.219990 seconds 
  Import took 0.226322 seconds .

========================================================================
Received Prepare
Registering precompiled user dll's ...
Registered in 0.005950 seconds.
Begin MonoManager ReloadAssembly
Native extension for WindowsStandalone target not found
Refreshing native plugins compatible for Editor in 0.97 ms, found 2 plugins.
Preloading 0 native plugins for Editor in 0.00 ms.
Mono: successfully reloaded assembly
- Completed reload, in  1.654 seconds
Domain Reload Profiling:
	ReloadAssembly (1655ms)
		BeginReloadAssembly (210ms)
			ExecutionOrderSort (0ms)
			DisableScriptedObjects (7ms)
			BackupInstance (0ms)
			ReleaseScriptingObjects (0ms)
			CreateAndSetChildDomain (62ms)
		EndReloadAssembly (1348ms)
			LoadAssemblies (201ms)
			RebuildTransferFunctionScriptingTraits (0ms)
			SetupTypeCache (422ms)
			ReleaseScriptCaches (1ms)
			RebuildScriptCaches (56ms)
			SetupLoadedEditorAssemblies (553ms)
				LogAssemblyErrors (0ms)
				InitializePlatformSupportModulesInManaged (7ms)
				SetLoadedEditorAssemblies (1ms)
				RefreshPlugins (1ms)
				BeforeProcessingInitializeOnLoad (146ms)
				ProcessInitializeOnLoadAttributes (322ms)
				ProcessInitializeOnLoadMethodAttributes (66ms)
				AfterProcessingInitializeOnLoad (8ms)
				EditorAssembliesLoaded (0ms)
			ExecutionOrderSort2 (0ms)
			AwakeInstancesAfterBackupRestoration (17ms)
Platform modules already initialized, skipping
Refreshing native plugins compatible for Editor in 1.22 ms, found 2 plugins.
Preloading 0 native plugins for Editor in 0.00 ms.
Unloading 2128 Unused Serialized files (Serialized files now loaded: 0)
System memory in use before: 87.9 MB.
System memory in use after: 88.0 MB.

Unloading 50 unused Assets to reduce memory usage. Loaded Objects now: 2560.
Total: 8.903200 ms (FindLiveObjects: 0.212400 ms CreateObjectMapping: 0.150700 ms MarkObjects: 8.364100 ms  DeleteObjects: 0.173700 ms)

AssetImportParameters requested are different than current active one (requested -> active):
  custom:framework-win-MediaFoundation: 216162199b28c13a410421893ffa2e32 -> 
  custom:video-decoder-ogg-theora: a1e56fd34408186e4bbccfd4996cb3dc -> 
  custom:container-muxer-webm: aa71ff27fc2769a1b78a27578f13a17b -> 
  custom:container-demuxer-webm: 4f35f7cbe854078d1ac9338744f61a02 -> 
  custom:container-demuxer-ogg: 62fdf1f143b41e24485cea50d1cbac27 -> 
  custom:video-encoder-webm-vp8: eb34c28f22e8b96e1ab97ce403110664 -> 
  custom:video-codec-MediaFoundation-h265: 746d11721c4dcdbdad8f713fa42b33f4 -> 
  custom:video-decoder-webm-vp8: 9c59270c3fd7afecdb556c50c9e8de78 -> 
  custom:audio-decoder-ogg-vorbis: bf7c407c2cedff20999df2af8eb42d56 -> 
  custom:audio-encoder-webm-vorbis: bf7c407c2cedff20999df2af8eb42d56 -> 
AssetImportWorkerClient::OnTransportError - code=2 error=End of file
