Using pre-set license
Built from '2020.3/release' branch; Version is '2020.3.27f1 (e759542391ea) revision 15161684'; Using compiler version '192528614'; Build Type 'Release'
OS: 'Windows 11  (10.0.22621) 64bit Professional' Language: 'en' Physical Memory: 7778 MB
BatchMode: 1, IsHumanControllingUs: 0, StartBugReporterOnCrash: 0, Is64bit: 1, IsPro: 0

COMMAND LINE ARGUMENTS:
E:\Unity\2020.3.27f1\Editor\Unity.exe
-adb2
-batchMode
-noUpm
-name
AssetImportWorker2
-projectPath
E:/Unity/Cooking
-logFile
Logs/AssetImportWorker2.log
-srvPort
50851
Successfully changed project path to: E:/Unity/Cooking
E:/Unity/Cooking
Using Asset Import Pipeline V2.
Refreshing native plugins compatible for Editor in 76.79 ms, found 2 plugins.
Preloading 0 native plugins for Editor in 0.00 ms.
Initialize engine version: 2020.3.27f1 (e759542391ea)
[Subsystems] Discovering subsystems at path E:/Unity/2020.3.27f1/Editor/Data/Resources/UnitySubsystems
[Subsystems] Discovering subsystems at path E:/Unity/Cooking/Assets
GfxDevice: creating device client; threaded=0
Direct3D:
    Version:  Direct3D 11.0 [level 11.1]
    Renderer: Intel(R) Iris(R) Plus Graphics (ID=0x8a5a)
    Vendor:   
    VRAM:     3889 MB
    Driver:   27.20.100.9621
Initialize mono
Mono path[0] = 'E:/Unity/2020.3.27f1/Editor/Data/Managed'
Mono path[1] = 'E:/Unity/2020.3.27f1/Editor/Data/MonoBleedingEdge/lib/mono/unityjit'
Mono config path = 'E:/Unity/2020.3.27f1/Editor/Data/MonoBleedingEdge/etc'
Using monoOptions --debugger-agent=transport=dt_socket,embedding=1,server=y,suspend=n,address=127.0.0.1:56808
Begin MonoManager ReloadAssembly
Registering precompiled unity dll's ...
Register platform support module: E:/Unity/2020.3.27f1/Editor/Data/PlaybackEngines/WindowsStandaloneSupport/UnityEditor.WindowsStandalone.Extensions.dll
Registered in 0.002182 seconds.
Native extension for WindowsStandalone target not found
Refreshing native plugins compatible for Editor in 66.82 ms, found 2 plugins.
Preloading 0 native plugins for Editor in 0.00 ms.
Mono: successfully reloaded assembly
- Completed reload, in  0.766 seconds
Domain Reload Profiling:
	ReloadAssembly (766ms)
		BeginReloadAssembly (100ms)
			ExecutionOrderSort (0ms)
			DisableScriptedObjects (0ms)
			BackupInstance (0ms)
			ReleaseScriptingObjects (0ms)
			CreateAndSetChildDomain (1ms)
		EndReloadAssembly (581ms)
			LoadAssemblies (98ms)
			RebuildTransferFunctionScriptingTraits (0ms)
			SetupTypeCache (159ms)
			ReleaseScriptCaches (0ms)
			RebuildScriptCaches (32ms)
			SetupLoadedEditorAssemblies (248ms)
				LogAssemblyErrors (0ms)
				InitializePlatformSupportModulesInManaged (4ms)
				SetLoadedEditorAssemblies (0ms)
				RefreshPlugins (74ms)
				BeforeProcessingInitializeOnLoad (20ms)
				ProcessInitializeOnLoadAttributes (112ms)
				ProcessInitializeOnLoadMethodAttributes (36ms)
				AfterProcessingInitializeOnLoad (0ms)
				EditorAssembliesLoaded (1ms)
			ExecutionOrderSort2 (0ms)
			AwakeInstancesAfterBackupRestoration (0ms)
Platform modules already initialized, skipping
Registering precompiled user dll's ...
Registered in 0.005575 seconds.
Begin MonoManager ReloadAssembly
Native extension for WindowsStandalone target not found
Refreshing native plugins compatible for Editor in 1.28 ms, found 2 plugins.
Preloading 0 native plugins for Editor in 0.00 ms.
Mono: successfully reloaded assembly
- Completed reload, in  3.815 seconds
Domain Reload Profiling:
	ReloadAssembly (3826ms)
		BeginReloadAssembly (357ms)
			ExecutionOrderSort (0ms)
			DisableScriptedObjects (9ms)
			BackupInstance (0ms)
			ReleaseScriptingObjects (0ms)
			CreateAndSetChildDomain (37ms)
		EndReloadAssembly (3363ms)
			LoadAssemblies (1728ms)
			RebuildTransferFunctionScriptingTraits (0ms)
			SetupTypeCache (673ms)
			ReleaseScriptCaches (0ms)
			RebuildScriptCaches (61ms)
			SetupLoadedEditorAssemblies (862ms)
				LogAssemblyErrors (0ms)
				InitializePlatformSupportModulesInManaged (9ms)
				SetLoadedEditorAssemblies (1ms)
				RefreshPlugins (1ms)
				BeforeProcessingInitializeOnLoad (195ms)
				ProcessInitializeOnLoadAttributes (565ms)
				ProcessInitializeOnLoadMethodAttributes (84ms)
				AfterProcessingInitializeOnLoad (7ms)
				EditorAssembliesLoaded (0ms)
			ExecutionOrderSort2 (0ms)
			AwakeInstancesAfterBackupRestoration (9ms)
Platform modules already initialized, skipping
========================================================================
Worker process is ready to serve import requests
Launched and connected shader compiler UnityShaderCompiler.exe after 0.10 seconds
Refreshing native plugins compatible for Editor in 1.63 ms, found 2 plugins.
Preloading 0 native plugins for Editor in 0.00 ms.
Unloading 2131 Unused Serialized files (Serialized files now loaded: 0)
System memory in use before: 84.9 MB.
System memory in use after: 84.9 MB.

Unloading 59 unused Assets to reduce memory usage. Loaded Objects now: 2534.
Total: 30.966600 ms (FindLiveObjects: 0.187500 ms CreateObjectMapping: 0.094000 ms MarkObjects: 29.042500 ms  DeleteObjects: 1.638600 ms)

AssetImportParameters requested are different than current active one (requested -> active):
  custom:framework-win-MediaFoundation: 216162199b28c13a410421893ffa2e32 -> 
  custom:video-decoder-ogg-theora: a1e56fd34408186e4bbccfd4996cb3dc -> 
  custom:container-muxer-webm: aa71ff27fc2769a1b78a27578f13a17b -> 
  custom:container-demuxer-webm: 4f35f7cbe854078d1ac9338744f61a02 -> 
  custom:container-demuxer-ogg: 62fdf1f143b41e24485cea50d1cbac27 -> 
  custom:video-encoder-webm-vp8: eb34c28f22e8b96e1ab97ce403110664 -> 
  custom:video-codec-MediaFoundation-h265: 746d11721c4dcdbdad8f713fa42b33f4 -> 
  custom:video-decoder-webm-vp8: 9c59270c3fd7afecdb556c50c9e8de78 -> 
  custom:audio-decoder-ogg-vorbis: bf7c407c2cedff20999df2af8eb42d56 -> 
  custom:audio-encoder-webm-vorbis: bf7c407c2cedff20999df2af8eb42d56 -> 
========================================================================
Received Import Request.
  path: Assets/Custom Asset/left.jpg
  artifactKey: Guid(c90b7f225b4a5b5448192c340bbf9a6a) Importer(815301076,1909f56bfc062723c751e8b465ee728b)
Start importing Assets/Custom Asset/left.jpg using Guid(c90b7f225b4a5b5448192c340bbf9a6a) Importer(815301076,1909f56bfc062723c751e8b465ee728b)  -> (artifact id: '87cb4cda0998bda04ac8554d16f1160f') in 0.357969 seconds 
  Import took 0.374648 seconds .

========================================================================
Received Import Request.
  Time since last request: 0.001302 seconds.
  path: Assets/Custom Asset/well-done.jpg
  artifactKey: Guid(a332fa19a5f184243afc7e86634197de) Importer(815301076,1909f56bfc062723c751e8b465ee728b)
Start importing Assets/Custom Asset/well-done.jpg using Guid(a332fa19a5f184243afc7e86634197de) Importer(815301076,1909f56bfc062723c751e8b465ee728b)  -> (artifact id: '7e01f45b348bf066ca37ff539b50ad28') in 0.129120 seconds 
  Import took 0.154241 seconds .

========================================================================
Received Import Request.
  Time since last request: 0.000760 seconds.
  path: Assets/Custom Asset/medium.jpg
  artifactKey: Guid(f5c93840cb9edb04a9f252807e5bd5bf) Importer(815301076,1909f56bfc062723c751e8b465ee728b)
Start importing Assets/Custom Asset/medium.jpg using Guid(f5c93840cb9edb04a9f252807e5bd5bf) Importer(815301076,1909f56bfc062723c751e8b465ee728b)  -> (artifact id: '70c469d3652021e326e0cb6a96957c68') in 0.276844 seconds 
  Import took 0.303349 seconds .

========================================================================
Received Import Request.
  Time since last request: 0.000829 seconds.
  path: Assets/Custom Asset/raw.jpg
  artifactKey: Guid(aab403d04c0a2c84bb0f148c99566817) Importer(815301076,1909f56bfc062723c751e8b465ee728b)
Start importing Assets/Custom Asset/raw.jpg using Guid(aab403d04c0a2c84bb0f148c99566817) Importer(815301076,1909f56bfc062723c751e8b465ee728b)  -> (artifact id: '4526560f3ca66a6d31af8b660b11b072') in 0.166171 seconds 
  Import took 0.191816 seconds .

========================================================================
Received Import Request.
  Time since last request: 0.000838 seconds.
  path: Assets/Custom Asset/right.jpg
  artifactKey: Guid(8b892d53927413e4bba2ca8f5a7f0c29) Importer(815301076,1909f56bfc062723c751e8b465ee728b)
Start importing Assets/Custom Asset/right.jpg using Guid(8b892d53927413e4bba2ca8f5a7f0c29) Importer(815301076,1909f56bfc062723c751e8b465ee728b)  -> (artifact id: '8ee8b60a78a4fd6ffc838a748a76b712') in 0.231768 seconds 
  Import took 0.243707 seconds .

========================================================================
Received Import Request.
  Time since last request: 152.475806 seconds.
  path: Assets/Custom Asset/raw.jpg
  artifactKey: Guid(aab403d04c0a2c84bb0f148c99566817) Importer(815301076,1909f56bfc062723c751e8b465ee728b)
Start importing Assets/Custom Asset/raw.jpg using Guid(aab403d04c0a2c84bb0f148c99566817) Importer(815301076,1909f56bfc062723c751e8b465ee728b)  -> (artifact id: 'b2728e5c5cf5dafd3a08b1ac0e1ac7b3') in 0.162451 seconds 
  Import took 0.187201 seconds .

========================================================================
Received Import Request.
  Time since last request: 11.286084 seconds.
  path: Assets/Custom Asset/well-done.jpg
  artifactKey: Guid(a332fa19a5f184243afc7e86634197de) Importer(815301076,1909f56bfc062723c751e8b465ee728b)
Start importing Assets/Custom Asset/well-done.jpg using Guid(a332fa19a5f184243afc7e86634197de) Importer(815301076,1909f56bfc062723c751e8b465ee728b)  -> (artifact id: '11c8253ef65d24ca5b377997f5fa8c24') in 0.290265 seconds 
  Import took 0.315586 seconds .

========================================================================
Received Import Request.
  Time since last request: 166.745776 seconds.
  path: Assets/Custom Asset/medium.jpg
  artifactKey: Guid(f5c93840cb9edb04a9f252807e5bd5bf) Importer(815301076,1909f56bfc062723c751e8b465ee728b)
Start importing Assets/Custom Asset/medium.jpg using Guid(f5c93840cb9edb04a9f252807e5bd5bf) Importer(815301076,1909f56bfc062723c751e8b465ee728b)  -> (artifact id: '79f53dcfa99769997532dea5765cd5e9') in 0.160159 seconds 
  Import took 0.170799 seconds .

========================================================================
Received Import Request.
  Time since last request: 49.963324 seconds.
  path: Assets/Custom Asset/medium.jpg
  artifactKey: Guid(f5c93840cb9edb04a9f252807e5bd5bf) Importer(815301076,1909f56bfc062723c751e8b465ee728b)
Start importing Assets/Custom Asset/medium.jpg using Guid(f5c93840cb9edb04a9f252807e5bd5bf) Importer(815301076,1909f56bfc062723c751e8b465ee728b)  -> (artifact id: '80cc0558b93d024db9a17b6bffc5c865') in 0.226063 seconds 
  Import took 0.257590 seconds .

========================================================================
Received Prepare
Registering precompiled user dll's ...
Registered in 0.708221 seconds.
Begin MonoManager ReloadAssembly
Native extension for WindowsStandalone target not found
Refreshing native plugins compatible for Editor in 0.83 ms, found 2 plugins.
Preloading 0 native plugins for Editor in 0.00 ms.
Mono: successfully reloaded assembly
- Completed reload, in  2.670 seconds
Domain Reload Profiling:
	ReloadAssembly (2678ms)
		BeginReloadAssembly (747ms)
			ExecutionOrderSort (0ms)
			DisableScriptedObjects (72ms)
			BackupInstance (0ms)
			ReleaseScriptingObjects (0ms)
			CreateAndSetChildDomain (306ms)
		EndReloadAssembly (1824ms)
			LoadAssemblies (322ms)
			RebuildTransferFunctionScriptingTraits (0ms)
			SetupTypeCache (471ms)
			ReleaseScriptCaches (1ms)
			RebuildScriptCaches (52ms)
			SetupLoadedEditorAssemblies (903ms)
				LogAssemblyErrors (0ms)
				InitializePlatformSupportModulesInManaged (7ms)
				SetLoadedEditorAssemblies (2ms)
				RefreshPlugins (1ms)
				BeforeProcessingInitializeOnLoad (192ms)
				ProcessInitializeOnLoadAttributes (336ms)
				ProcessInitializeOnLoadMethodAttributes (337ms)
				AfterProcessingInitializeOnLoad (27ms)
				EditorAssembliesLoaded (1ms)
			ExecutionOrderSort2 (0ms)
			AwakeInstancesAfterBackupRestoration (20ms)
Platform modules already initialized, skipping
Refreshing native plugins compatible for Editor in 1.73 ms, found 2 plugins.
Preloading 0 native plugins for Editor in 0.00 ms.
Unloading 2126 Unused Serialized files (Serialized files now loaded: 0)
System memory in use before: 87.8 MB.
System memory in use after: 87.9 MB.

Unloading 50 unused Assets to reduce memory usage. Loaded Objects now: 2548.
Total: 17.245800 ms (FindLiveObjects: 0.403000 ms CreateObjectMapping: 0.166300 ms MarkObjects: 16.480800 ms  DeleteObjects: 0.189800 ms)

AssetImportParameters requested are different than current active one (requested -> active):
  custom:framework-win-MediaFoundation: 216162199b28c13a410421893ffa2e32 -> 
  custom:video-decoder-ogg-theora: a1e56fd34408186e4bbccfd4996cb3dc -> 
  custom:container-muxer-webm: aa71ff27fc2769a1b78a27578f13a17b -> 
  custom:container-demuxer-webm: 4f35f7cbe854078d1ac9338744f61a02 -> 
  custom:container-demuxer-ogg: 62fdf1f143b41e24485cea50d1cbac27 -> 
  custom:video-encoder-webm-vp8: eb34c28f22e8b96e1ab97ce403110664 -> 
  custom:video-codec-MediaFoundation-h265: 746d11721c4dcdbdad8f713fa42b33f4 -> 
  custom:video-decoder-webm-vp8: 9c59270c3fd7afecdb556c50c9e8de78 -> 
  custom:audio-decoder-ogg-vorbis: bf7c407c2cedff20999df2af8eb42d56 -> 
  custom:audio-encoder-webm-vorbis: bf7c407c2cedff20999df2af8eb42d56 -> 
========================================================================
Received Import Request.
  Time since last request: 319.376046 seconds.
  path: Assets/Custom Asset
  artifactKey: Guid(206389291281b5e4f918b33f0a75cc02) Importer(815301076,1909f56bfc062723c751e8b465ee728b)
Start importing Assets/Custom Asset using Guid(206389291281b5e4f918b33f0a75cc02) Importer(815301076,1909f56bfc062723c751e8b465ee728b)  -> (artifact id: 'f14c7eed661753a3a90f1deb7273ebeb') in 0.068953 seconds 
  Import took 0.077973 seconds .

========================================================================
Received Import Request.
  Time since last request: 120.687719 seconds.
  path: Assets/Custom Asset/menu.png
  artifactKey: Guid(760df2ef68d444041a704f7d1efb66ae) Importer(815301076,1909f56bfc062723c751e8b465ee728b)
Start importing Assets/Custom Asset/menu.png using Guid(760df2ef68d444041a704f7d1efb66ae) Importer(815301076,1909f56bfc062723c751e8b465ee728b)  -> (artifact id: 'be56df5efad473adb58102339a244666') in 0.203558 seconds 
  Import took 0.213056 seconds .

========================================================================
Received Import Request.
  Time since last request: 10.099011 seconds.
  path: Assets/Custom Asset/menu.png
  artifactKey: Guid(760df2ef68d444041a704f7d1efb66ae) Importer(815301076,1909f56bfc062723c751e8b465ee728b)
Start importing Assets/Custom Asset/menu.png using Guid(760df2ef68d444041a704f7d1efb66ae) Importer(815301076,1909f56bfc062723c751e8b465ee728b)  -> (artifact id: 'b26cff81bbc40a16686641c9b9cda664') in 0.144024 seconds 
  Import took 0.151077 seconds .

========================================================================
Received Import Request.
  Time since last request: 429.880089 seconds.
  path: Assets/Custom Asset/score.png
  artifactKey: Guid(bd4e42602da4df341958cd2b5b310de1) Importer(815301076,1909f56bfc062723c751e8b465ee728b)
Start importing Assets/Custom Asset/score.png using Guid(bd4e42602da4df341958cd2b5b310de1) Importer(815301076,1909f56bfc062723c751e8b465ee728b)  -> (artifact id: '0c1dc8064f69347277c6da8c26828044') in 0.150686 seconds 
  Import took 0.168821 seconds .

========================================================================
Received Import Request.
  Time since last request: 8.435922 seconds.
  path: Assets/Custom Asset/score.png
  artifactKey: Guid(bd4e42602da4df341958cd2b5b310de1) Importer(815301076,1909f56bfc062723c751e8b465ee728b)
Start importing Assets/Custom Asset/score.png using Guid(bd4e42602da4df341958cd2b5b310de1) Importer(815301076,1909f56bfc062723c751e8b465ee728b)  -> (artifact id: 'a50d354d2c31720ebd8775690f3cce14') in 0.121672 seconds 
  Import took 0.135168 seconds .

========================================================================
Received Prepare
Registering precompiled user dll's ...
Registered in 0.385172 seconds.
Begin MonoManager ReloadAssembly
Native extension for WindowsStandalone target not found
Refreshing native plugins compatible for Editor in 0.89 ms, found 2 plugins.
Preloading 0 native plugins for Editor in 0.00 ms.
Mono: successfully reloaded assembly
- Completed reload, in 19.102 seconds
Domain Reload Profiling:
	ReloadAssembly (19103ms)
		BeginReloadAssembly (6088ms)
			ExecutionOrderSort (0ms)
			DisableScriptedObjects (6ms)
			BackupInstance (0ms)
			ReleaseScriptingObjects (0ms)
			CreateAndSetChildDomain (57ms)
		EndReloadAssembly (12943ms)
			LoadAssemblies (12253ms)
			RebuildTransferFunctionScriptingTraits (0ms)
			SetupTypeCache (3168ms)
			ReleaseScriptCaches (1ms)
			RebuildScriptCaches (41ms)
			SetupLoadedEditorAssemblies (3178ms)
				LogAssemblyErrors (0ms)
				InitializePlatformSupportModulesInManaged (9ms)
				SetLoadedEditorAssemblies (1ms)
				RefreshPlugins (1ms)
				BeforeProcessingInitializeOnLoad (239ms)
				ProcessInitializeOnLoadAttributes (927ms)
				ProcessInitializeOnLoadMethodAttributes (1995ms)
				AfterProcessingInitializeOnLoad (5ms)
				EditorAssembliesLoaded (1ms)
			ExecutionOrderSort2 (0ms)
			AwakeInstancesAfterBackupRestoration (13ms)
Platform modules already initialized, skipping
Refreshing native plugins compatible for Editor in 1.44 ms, found 2 plugins.
Preloading 0 native plugins for Editor in 0.00 ms.
Unloading 2126 Unused Serialized files (Serialized files now loaded: 0)
System memory in use before: 87.8 MB.
System memory in use after: 87.9 MB.

Unloading 50 unused Assets to reduce memory usage. Loaded Objects now: 2556.
Total: 16.076200 ms (FindLiveObjects: 0.304400 ms CreateObjectMapping: 0.298300 ms MarkObjects: 15.288200 ms  DeleteObjects: 0.181100 ms)

AssetImportParameters requested are different than current active one (requested -> active):
  custom:framework-win-MediaFoundation: 216162199b28c13a410421893ffa2e32 -> 
  custom:video-decoder-ogg-theora: a1e56fd34408186e4bbccfd4996cb3dc -> 
  custom:container-muxer-webm: aa71ff27fc2769a1b78a27578f13a17b -> 
  custom:container-demuxer-webm: 4f35f7cbe854078d1ac9338744f61a02 -> 
  custom:container-demuxer-ogg: 62fdf1f143b41e24485cea50d1cbac27 -> 
  custom:video-encoder-webm-vp8: eb34c28f22e8b96e1ab97ce403110664 -> 
  custom:video-codec-MediaFoundation-h265: 746d11721c4dcdbdad8f713fa42b33f4 -> 
  custom:video-decoder-webm-vp8: 9c59270c3fd7afecdb556c50c9e8de78 -> 
  custom:audio-decoder-ogg-vorbis: bf7c407c2cedff20999df2af8eb42d56 -> 
  custom:audio-encoder-webm-vorbis: bf7c407c2cedff20999df2af8eb42d56 -> 
========================================================================
Received Prepare
Registering precompiled user dll's ...
Registered in 3.341501 seconds.
Begin MonoManager ReloadAssembly
Native extension for WindowsStandalone target not found
Refreshing native plugins compatible for Editor in 1.57 ms, found 2 plugins.
Preloading 0 native plugins for Editor in 0.00 ms.
Mono: successfully reloaded assembly
- Completed reload, in 18.033 seconds
Domain Reload Profiling:
	ReloadAssembly (18034ms)
		BeginReloadAssembly (7099ms)
			ExecutionOrderSort (0ms)
			DisableScriptedObjects (10ms)
			BackupInstance (0ms)
			ReleaseScriptingObjects (0ms)
			CreateAndSetChildDomain (59ms)
		EndReloadAssembly (10870ms)
			LoadAssemblies (13406ms)
			RebuildTransferFunctionScriptingTraits (0ms)
			SetupTypeCache (439ms)
			ReleaseScriptCaches (2ms)
			RebuildScriptCaches (70ms)
			SetupLoadedEditorAssemblies (3696ms)
				LogAssemblyErrors (0ms)
				InitializePlatformSupportModulesInManaged (8ms)
				SetLoadedEditorAssemblies (1ms)
				RefreshPlugins (2ms)
				BeforeProcessingInitializeOnLoad (194ms)
				ProcessInitializeOnLoadAttributes (591ms)
				ProcessInitializeOnLoadMethodAttributes (2894ms)
				AfterProcessingInitializeOnLoad (6ms)
				EditorAssembliesLoaded (0ms)
			ExecutionOrderSort2 (0ms)
			AwakeInstancesAfterBackupRestoration (9ms)
Platform modules already initialized, skipping
Refreshing native plugins compatible for Editor in 1.76 ms, found 2 plugins.
Preloading 0 native plugins for Editor in 0.00 ms.
Unloading 2126 Unused Serialized files (Serialized files now loaded: 0)
System memory in use before: 87.8 MB.
System memory in use after: 87.9 MB.

Unloading 50 unused Assets to reduce memory usage. Loaded Objects now: 2558.
Total: 7.206200 ms (FindLiveObjects: 0.313000 ms CreateObjectMapping: 0.157800 ms MarkObjects: 6.504500 ms  DeleteObjects: 0.227700 ms)

AssetImportParameters requested are different than current active one (requested -> active):
  custom:framework-win-MediaFoundation: 216162199b28c13a410421893ffa2e32 -> 
  custom:video-decoder-ogg-theora: a1e56fd34408186e4bbccfd4996cb3dc -> 
  custom:container-muxer-webm: aa71ff27fc2769a1b78a27578f13a17b -> 
  custom:container-demuxer-webm: 4f35f7cbe854078d1ac9338744f61a02 -> 
  custom:container-demuxer-ogg: 62fdf1f143b41e24485cea50d1cbac27 -> 
  custom:video-encoder-webm-vp8: eb34c28f22e8b96e1ab97ce403110664 -> 
  custom:video-codec-MediaFoundation-h265: 746d11721c4dcdbdad8f713fa42b33f4 -> 
  custom:video-decoder-webm-vp8: 9c59270c3fd7afecdb556c50c9e8de78 -> 
  custom:audio-decoder-ogg-vorbis: bf7c407c2cedff20999df2af8eb42d56 -> 
  custom:audio-encoder-webm-vorbis: bf7c407c2cedff20999df2af8eb42d56 -> 
========================================================================
Received Prepare
Registering precompiled user dll's ...
Registered in 1.730534 seconds.
Begin MonoManager ReloadAssembly
Native extension for WindowsStandalone target not found
Refreshing native plugins compatible for Editor in 1.02 ms, found 2 plugins.
Preloading 0 native plugins for Editor in 0.00 ms.
Mono: successfully reloaded assembly
- Completed reload, in  2.763 seconds
Domain Reload Profiling:
	ReloadAssembly (2764ms)
		BeginReloadAssembly (352ms)
			ExecutionOrderSort (0ms)
			DisableScriptedObjects (11ms)
			BackupInstance (0ms)
			ReleaseScriptingObjects (0ms)
			CreateAndSetChildDomain (93ms)
		EndReloadAssembly (2248ms)
			LoadAssemblies (342ms)
			RebuildTransferFunctionScriptingTraits (0ms)
			SetupTypeCache (735ms)
			ReleaseScriptCaches (2ms)
			RebuildScriptCaches (96ms)
			SetupLoadedEditorAssemblies (944ms)
				LogAssemblyErrors (0ms)
				InitializePlatformSupportModulesInManaged (7ms)
				SetLoadedEditorAssemblies (1ms)
				RefreshPlugins (1ms)
				BeforeProcessingInitializeOnLoad (232ms)
				ProcessInitializeOnLoadAttributes (575ms)
				ProcessInitializeOnLoadMethodAttributes (116ms)
				AfterProcessingInitializeOnLoad (12ms)
				EditorAssembliesLoaded (1ms)
			ExecutionOrderSort2 (0ms)
			AwakeInstancesAfterBackupRestoration (22ms)
Platform modules already initialized, skipping
Refreshing native plugins compatible for Editor in 0.73 ms, found 2 plugins.
Preloading 0 native plugins for Editor in 0.00 ms.
Unloading 2126 Unused Serialized files (Serialized files now loaded: 0)
System memory in use before: 87.9 MB.
System memory in use after: 87.9 MB.

Unloading 50 unused Assets to reduce memory usage. Loaded Objects now: 2560.
Total: 9.513400 ms (FindLiveObjects: 0.249100 ms CreateObjectMapping: 0.102500 ms MarkObjects: 8.901100 ms  DeleteObjects: 0.227500 ms)

AssetImportParameters requested are different than current active one (requested -> active):
  custom:framework-win-MediaFoundation: 216162199b28c13a410421893ffa2e32 -> 
  custom:video-decoder-ogg-theora: a1e56fd34408186e4bbccfd4996cb3dc -> 
  custom:container-muxer-webm: aa71ff27fc2769a1b78a27578f13a17b -> 
  custom:container-demuxer-webm: 4f35f7cbe854078d1ac9338744f61a02 -> 
  custom:container-demuxer-ogg: 62fdf1f143b41e24485cea50d1cbac27 -> 
  custom:video-encoder-webm-vp8: eb34c28f22e8b96e1ab97ce403110664 -> 
  custom:video-codec-MediaFoundation-h265: 746d11721c4dcdbdad8f713fa42b33f4 -> 
  custom:video-decoder-webm-vp8: 9c59270c3fd7afecdb556c50c9e8de78 -> 
  custom:audio-decoder-ogg-vorbis: bf7c407c2cedff20999df2af8eb42d56 -> 
  custom:audio-encoder-webm-vorbis: bf7c407c2cedff20999df2af8eb42d56 -> 
========================================================================
Received Prepare
Registering precompiled user dll's ...
Registered in 2.535185 seconds.
Begin MonoManager ReloadAssembly
Native extension for WindowsStandalone target not found
Refreshing native plugins compatible for Editor in 1.01 ms, found 2 plugins.
Preloading 0 native plugins for Editor in 0.00 ms.
Mono: successfully reloaded assembly
- Completed reload, in 15.566 seconds
Domain Reload Profiling:
	ReloadAssembly (15583ms)
		BeginReloadAssembly (7371ms)
			ExecutionOrderSort (0ms)
			DisableScriptedObjects (96ms)
			BackupInstance (0ms)
			ReleaseScriptingObjects (0ms)
			CreateAndSetChildDomain (162ms)
		EndReloadAssembly (8111ms)
			LoadAssemblies (12118ms)
			RebuildTransferFunctionScriptingTraits (0ms)
			SetupTypeCache (406ms)
			ReleaseScriptCaches (2ms)
			RebuildScriptCaches (40ms)
			SetupLoadedEditorAssemblies (2263ms)
				LogAssemblyErrors (0ms)
				InitializePlatformSupportModulesInManaged (5ms)
				SetLoadedEditorAssemblies (1ms)
				RefreshPlugins (1ms)
				BeforeProcessingInitializeOnLoad (150ms)
				ProcessInitializeOnLoadAttributes (309ms)
				ProcessInitializeOnLoadMethodAttributes (1793ms)
				AfterProcessingInitializeOnLoad (4ms)
				EditorAssembliesLoaded (0ms)
			ExecutionOrderSort2 (0ms)
			AwakeInstancesAfterBackupRestoration (8ms)
Platform modules already initialized, skipping
Refreshing native plugins compatible for Editor in 1.67 ms, found 2 plugins.
Preloading 0 native plugins for Editor in 0.00 ms.
Unloading 2126 Unused Serialized files (Serialized files now loaded: 0)
System memory in use before: 87.9 MB.
System memory in use after: 88.0 MB.

Unloading 50 unused Assets to reduce memory usage. Loaded Objects now: 2562.
Total: 8.140800 ms (FindLiveObjects: 0.210200 ms CreateObjectMapping: 0.119800 ms MarkObjects: 7.586100 ms  DeleteObjects: 0.221500 ms)

AssetImportParameters requested are different than current active one (requested -> active):
  custom:framework-win-MediaFoundation: 216162199b28c13a410421893ffa2e32 -> 
  custom:video-decoder-ogg-theora: a1e56fd34408186e4bbccfd4996cb3dc -> 
  custom:container-muxer-webm: aa71ff27fc2769a1b78a27578f13a17b -> 
  custom:container-demuxer-webm: 4f35f7cbe854078d1ac9338744f61a02 -> 
  custom:container-demuxer-ogg: 62fdf1f143b41e24485cea50d1cbac27 -> 
  custom:video-encoder-webm-vp8: eb34c28f22e8b96e1ab97ce403110664 -> 
  custom:video-codec-MediaFoundation-h265: 746d11721c4dcdbdad8f713fa42b33f4 -> 
  custom:video-decoder-webm-vp8: 9c59270c3fd7afecdb556c50c9e8de78 -> 
  custom:audio-decoder-ogg-vorbis: bf7c407c2cedff20999df2af8eb42d56 -> 
  custom:audio-encoder-webm-vorbis: bf7c407c2cedff20999df2af8eb42d56 -> 
